<?xml version="1.0" encoding="UTF-8"?>
<!-- Generated by org.testng.reporters.JUnitReportReporter -->
<testsuite hostname="Nisha" failures="0" tests="1" name="Configurationannotations" time="0.007" errors="0" timestamp="2025-04-02T10:33:38 IST" skipped="0">
  <testcase classname="Configurationannotations" name="demo" time="0.007">
    <system-out>
      <![CDATA[@Test(demo)excuted]]>
    </system-out>
  </testcase> <!-- demo -->
  <system-out>
    <![CDATA[@beforeforeSuite
@beforetest
@beforeclass
@Test(demo)excuted
@AfterClass
@AfterTest
@AfterSuite]]>
  </system-out>
</testsuite> <!-- Configurationannotations -->
