<?xml version="1.0" encoding="UTF-8"?>
<!-- Generated by org.testng.reporters.JUnitReportReporter -->
<testsuite hostname="Nisha" failures="0" tests="2" name="AssignmentSelenium.Testinhg" time="0.035" errors="0" timestamp="2025-03-26T11:37:11 IST" skipped="0">
  <testcase classname="AssignmentSelenium.Testinhg" name="login" time="0.030">
    <system-out>
      <![CDATA[login test case executed]]>
    </system-out>
  </testcase> <!-- login -->
  <testcase classname="AssignmentSelenium.Testinhg" name="register" time="0.005">
    <system-out>
      <![CDATA[register test case executed]]>
    </system-out>
  </testcase> <!-- register -->
  <system-out>
    <![CDATA[login test case executed
register test case executed]]>
  </system-out>
</testsuite> <!-- AssignmentSelenium.Testinhg -->
