<?xml version="1.0" encoding="UTF-8"?>
<!-- Generated by org.testng.reporters.JUnitReportReporter -->
<testsuite hostname="Nisha" failures="0" tests="1" name="Testng.Kawasaki" time="3.122" errors="0" timestamp="2025-04-02T11:43:30 IST" skipped="0">
  <testcase classname="Testng.Kawasaki" name="launch" time="3.122">
    <system-out>
      <![CDATA[welcome to kawasaki website]]>
    </system-out>
  </testcase> <!-- launch -->
  <system-out>
    <![CDATA[welcome to kawasaki website]]>
  </system-out>
</testsuite> <!-- Testng.Kawasaki -->
