<?xml version="1.0" encoding="UTF-8"?>
<!-- Generated by org.testng.reporters.JUnitReportReporter -->
<testsuite hostname="Nisha" failures="0" tests="1" name="Testng.TestCript" time="4.553" errors="0" timestamp="2025-04-02T12:02:23 IST" skipped="0">
  <testcase classname="Testng.TestCript" name="clickonBook" time="4.553">
    <system-out>
      <![CDATA[book page is not  display]]>
    </system-out>
  </testcase> <!-- clickonBook -->
  <system-out>
    <![CDATA[book page is not  display]]>
  </system-out>
</testsuite> <!-- Testng.TestCript -->
