<?xml version="1.0" encoding="UTF-8"?>
<!-- Generated by org.testng.reporters.JUnitReportReporter -->
<testsuite hostname="Nisha" failures="0" tests="4" name="LearnDataProvide.DataProvide" time="53.925" errors="0" timestamp="2025-04-04T11:24:55 IST" skipped="0">
  <testcase classname="LearnDataProvide.DataProvide" name="Signin" time="12.329"/>
  <testcase classname="LearnDataProvide.DataProvide" name="Signin" time="14.772"/>
  <testcase classname="LearnDataProvide.DataProvide" name="Signin" time="18.266"/>
  <testcase classname="LearnDataProvide.DataProvide" name="Signin" time="8.558"/>
</testsuite> <!-- LearnDataProvide.DataProvide -->
